# JRE version: OpenJDK Runtime Environment (8.0_152-b01) (build 1.8.0_152-release-1024-b01)
# Java VM: OpenJDK 64-Bit Server VM (25.152-b01 mixed mode bsd-amd64 compressed oops)
Heap:
 PSYoungGen      total 310272K, used 94598K [0x00000007a0000000, 0x00000007b8d80000, 0x00000007c0000000)
  eden space 218624K, 43% used [0x00000007a0000000,0x00000007a5c61a90,0x00000007ad580000)
  from space 91648K, 0% used [0x00000007b3400000,0x00000007b3400000,0x00000007b8d80000)
  to   space 94208K, 0% used [0x00000007ad580000,0x00000007ad580000,0x00000007b3180000)
 ParOldGen       total 178688K, used 63011K [0x0000000760000000, 0x000000076ae80000, 0x00000007a0000000)
  object space 178688K, 35% used [0x0000000760000000,0x0000000763d88c40,0x000000076ae80000)
 Metaspace       used 67834K, capacity 69296K, committed 74968K, reserved 1116160K
  class space    used 7321K, capacity 7621K, committed 8704K, reserved 1048576K
GC Heap History (10 events):
Event: 11738.411 GC heap before
{Heap before GC invocations=44 (full 7):
 PSYoungGen      total 301056K, used 290382K [0x00000007a0000000, 0x00000007b9f00000, 0x00000007c0000000)
  eden space 241664K, 100% used [0x00000007a0000000,0x00000007aec00000,0x00000007aec00000)
  from space 59392K, 82% used [0x00000007b6500000,0x00000007b9493a58,0x00000007b9f00000)
  to   space 91648K, 0% used [0x00000007aec00000,0x00000007aec00000,0x00000007b4580000)
 ParOldGen       total 178688K, used 72274K [0x0000000760000000, 0x000000076ae80000, 0x00000007a0000000)
  object space 178688K, 40% used [0x0000000760000000,0x00000007646949d8,0x000000076ae80000)
 Metaspace       used 71391K, capacity 73880K, committed 74072K, reserved 1114112K
  class space    used 7839K, capacity 8475K, committed 8576K, reserved 1048576K
Event: 11738.488 GC heap after
Heap after GC invocations=44 (full 7):
 PSYoungGen      total 302592K, used 68609K [0x00000007a0000000, 0x00000007b9d00000, 0x00000007c0000000)
  eden space 233472K, 0% used [0x00000007a0000000,0x00000007a0000000,0x00000007ae400000)
  from space 69120K, 99% used [0x00000007aec00000,0x00000007b2f004b8,0x00000007b2f80000)
  to   space 94720K, 0% used [0x00000007b4080000,0x00000007b4080000,0x00000007b9d00000)
 ParOldGen       total 178688K, used 72282K [0x0000000760000000, 0x000000076ae80000, 0x00000007a0000000)
  object space 178688K, 40% used [0x0000000760000000,0x00000007646969d8,0x000000076ae80000)
 Metaspace       used 71391K, capacity 73880K, committed 74072K, reserved 1114112K
  class space    used 7839K, capacity 8475K, committed 8576K, reserved 1048576K
}
Event: 12769.889 GC heap before
{Heap before GC invocations=45 (full 7):
 PSYoungGen      total 302592K, used 302081K [0x00000007a0000000, 0x00000007b9d00000, 0x00000007c0000000)
  eden space 233472K, 100% used [0x00000007a0000000,0x00000007ae400000,0x00000007ae400000)
  from space 69120K, 99% used [0x00000007aec00000,0x00000007b2f004b8,0x00000007b2f80000)
  to   space 94720K, 0% used [0x00000007b4080000,0x00000007b4080000,0x00000007b9d00000)
 ParOldGen       total 178688K, used 72282K [0x0000000760000000, 0x000000076ae80000, 0x00000007a0000000)
  object space 178688K, 40% used [0x0000000760000000,0x00000007646969d8,0x000000076ae80000)
 Metaspace       used 71833K, capacity 74356K, committed 74584K, reserved 1116160K
  class space    used 7887K, capacity 8547K, committed 8576K, reserved 1048576K
Event: 12770.030 GC heap after
Heap after GC invocations=45 (full 7):
 PSYoungGen      total 320512K, used 73967K [0x00000007a0000000, 0x00000007b9d80000, 0x00000007c0000000)
  eden space 225792K, 0% used [0x00000007a0000000,0x00000007a0000000,0x00000007adc80000)
  from space 94720K, 78% used [0x00000007b4080000,0x00000007b88bbc20,0x00000007b9d00000)
  to   space 98816K, 0% used [0x00000007adc80000,0x00000007adc80000,0x00000007b3d00000)
 ParOldGen       total 178688K, used 72290K [0x0000000760000000, 0x000000076ae80000, 0x00000007a0000000)
  object space 178688K, 40% used [0x0000000760000000,0x00000007646989d8,0x000000076ae80000)
 Metaspace       used 71833K, capacity 74356K, committed 74584K, reserved 1116160K
  class space    used 7887K, capacity 8547K, committed 8576K, reserved 1048576K
}
Event: 12962.618 GC heap before
{Heap before GC invocations=46 (full 7):
 PSYoungGen      total 320512K, used 299759K [0x00000007a0000000, 0x00000007b9d80000, 0x00000007c0000000)
  eden space 225792K, 100% used [0x00000007a0000000,0x00000007adc80000,0x00000007adc80000)
  from space 94720K, 78% used [0x00000007b4080000,0x00000007b88bbc20,0x00000007b9d00000)
  to   space 98816K, 0% used [0x00000007adc80000,0x00000007adc80000,0x00000007b3d00000)
 ParOldGen       total 178688K, used 72290K [0x0000000760000000, 0x000000076ae80000, 0x00000007a0000000)
  object space 178688K, 40% used [0x0000000760000000,0x00000007646989d8,0x000000076ae80000)
 Metaspace       used 72042K, capacity 74644K, committed 74968K, reserved 1116160K
  class space    used 7898K, capacity 8579K, committed 8704K, reserved 1048576K
Event: 12962.669 GC heap after
Heap after GC invocations=46 (full 7):
 PSYoungGen      total 260096K, used 41077K [0x00000007a0000000, 0x00000007b9280000, 0x00000007c0000000)
  eden space 218624K, 0% used [0x00000007a0000000,0x00000007a0000000,0x00000007ad580000)
  from space 41472K, 99% used [0x00000007adc80000,0x00000007b049d6a0,0x00000007b0500000)
  to   space 96768K, 0% used [0x00000007b3400000,0x00000007b3400000,0x00000007b9280000)
 ParOldGen       total 178688K, used 72298K [0x0000000760000000, 0x000000076ae80000, 0x00000007a0000000)
  object space 178688K, 40% used [0x0000000760000000,0x000000076469a9d8,0x000000076ae80000)
 Metaspace       used 72042K, capacity 74644K, committed 74968K, reserved 1116160K
  class space    used 7898K, capacity 8579K, committed 8704K, reserved 1048576K
}
Event: 14425.105 GC heap before
{Heap before GC invocations=47 (full 7):
 PSYoungGen      total 260096K, used 56374K [0x00000007a0000000, 0x00000007b9280000, 0x00000007c0000000)
  eden space 218624K, 6% used [0x00000007a0000000,0x00000007a0ef03f8,0x00000007ad580000)
  from space 41472K, 99% used [0x00000007adc80000,0x00000007b049d6a0,0x00000007b0500000)
  to   space 96768K, 0% used [0x00000007b3400000,0x00000007b3400000,0x00000007b9280000)
 ParOldGen       total 178688K, used 72298K [0x0000000760000000, 0x000000076ae80000, 0x00000007a0000000)
  object space 178688K, 40% used [0x0000000760000000,0x000000076469a9d8,0x000000076ae80000)
 Metaspace       used 72061K, capacity 74644K, committed 74968K, reserved 1116160K
  class space    used 7898K, capacity 8579K, committed 8704K, reserved 1048576K
Event: 14425.386 GC heap after
Heap after GC invocations=47 (full 7):
 PSYoungGen      total 310272K, used 39853K [0x00000007a0000000, 0x00000007b8d80000, 0x00000007c0000000)
  eden space 218624K, 0% used [0x00000007a0000000,0x00000007a0000000,0x00000007ad580000)
  from space 91648K, 43% used [0x00000007b3400000,0x00000007b5aeb730,0x00000007b8d80000)
  to   space 94208K, 0% used [0x00000007ad580000,0x00000007ad580000,0x00000007b3180000)
 ParOldGen       total 178688K, used 72306K [0x0000000760000000, 0x000000076ae80000, 0x00000007a0000000)
  object space 178688K, 40% used [0x0000000760000000,0x000000076469c9d8,0x000000076ae80000)
 Metaspace       used 72061K, capacity 74644K, committed 74968K, reserved 1116160K
  class space    used 7898K, capacity 8579K, committed 8704K, reserved 1048576K
}
Event: 14425.386 GC heap before
{Heap before GC invocations=48 (full 8):
 PSYoungGen      total 310272K, used 39853K [0x00000007a0000000, 0x00000007b8d80000, 0x00000007c0000000)
  eden space 218624K, 0% used [0x00000007a0000000,0x00000007a0000000,0x00000007ad580000)
  from space 91648K, 43% used [0x00000007b3400000,0x00000007b5aeb730,0x00000007b8d80000)
  to   space 94208K, 0% used [0x00000007ad580000,0x00000007ad580000,0x00000007b3180000)
 ParOldGen       total 178688K, used 72306K [0x0000000760000000, 0x000000076ae80000, 0x00000007a0000000)
  object space 178688K, 40% used [0x0000000760000000,0x000000076469c9d8,0x000000076ae80000)
 Metaspace       used 72061K, capacity 74644K, committed 74968K, reserved 1116160K
  class space    used 7898K, capacity 8579K, committed 8704K, reserved 1048576K
Event: 14426.669 GC heap after
Heap after GC invocations=48 (full 8):
 PSYoungGen      total 310272K, used 0K [0x00000007a0000000, 0x00000007b8d80000, 0x00000007c0000000)
  eden space 218624K, 0% used [0x00000007a0000000,0x00000007a0000000,0x00000007ad580000)
  from space 91648K, 0% used [0x00000007b3400000,0x00000007b3400000,0x00000007b8d80000)
  to   space 94208K, 0% used [0x00000007ad580000,0x00000007ad580000,0x00000007b3180000)
 ParOldGen       total 178688K, used 63011K [0x0000000760000000, 0x000000076ae80000, 0x00000007a0000000)
  object space 178688K, 35% used [0x0000000760000000,0x0000000763d88c40,0x000000076ae80000)
 Metaspace       used 67384K, capacity 68722K, committed 74968K, reserved 1116160K
  class space    used 7271K, capacity 7548K, committed 8704K, reserved 1048576K
}

