# JRE version: OpenJDK Runtime Environment (8.0_152-b01) (build 1.8.0_152-release-1024-b01)
# Java VM: OpenJDK 64-Bit Server VM (25.152-b01 mixed mode bsd-amd64 compressed oops)
Heap:
 PSYoungGen      total 181248K, used 60765K [0x00000007a0000000, 0x00000007aec80000, 0x00000007c0000000)
  eden space 130560K, 22% used [0x00000007a0000000,0x00000007a1cfa330,0x00000007a7f80000)
  from space 50688K, 61% used [0x00000007a7f80000,0x00000007a9ddd338,0x00000007ab100000)
  to   space 50176K, 0% used [0x00000007abb80000,0x00000007abb80000,0x00000007aec80000)
 ParOldGen       total 175616K, used 15968K [0x0000000760000000, 0x000000076ab80000, 0x00000007a0000000)
  object space 175616K, 9% used [0x0000000760000000,0x0000000760f98170,0x000000076ab80000)
 Metaspace       used 69428K, capacity 71749K, committed 71896K, reserved 1112064K
  class space    used 7769K, capacity 8404K, committed 8448K, reserved 1048576K
GC Heap History (10 events):
Event: 8361.159 GC heap before
{Heap before GC invocations=32 (full 5):
 PSYoungGen      total 185856K, used 171837K [0x00000007a0000000, 0x00000007ae780000, 0x00000007c0000000)
  eden space 140800K, 100% used [0x00000007a0000000,0x00000007a8980000,0x00000007a8980000)
  from space 45056K, 68% used [0x00000007abb80000,0x00000007ad9cf670,0x00000007ae780000)
  to   space 48128K, 0% used [0x00000007a8980000,0x00000007a8980000,0x00000007ab880000)
 ParOldGen       total 175616K, used 15928K [0x0000000760000000, 0x000000076ab80000, 0x00000007a0000000)
  object space 175616K, 9% used [0x0000000760000000,0x0000000760f8e170,0x000000076ab80000)
 Metaspace       used 68177K, capacity 70359K, committed 70488K, reserved 1112064K
  class space    used 7643K, capacity 8219K, committed 8320K, reserved 1048576K
Event: 8361.215 GC heap after
Heap after GC invocations=32 (full 5):
 PSYoungGen      total 188928K, used 33686K [0x00000007a0000000, 0x00000007af700000, 0x00000007c0000000)
  eden space 140800K, 0% used [0x00000007a0000000,0x00000007a0000000,0x00000007a8980000)
  from space 48128K, 69% used [0x00000007a8980000,0x00000007aaa65a98,0x00000007ab880000)
  to   space 49664K, 0% used [0x00000007ac680000,0x00000007ac680000,0x00000007af700000)
 ParOldGen       total 175616K, used 15936K [0x0000000760000000, 0x000000076ab80000, 0x00000007a0000000)
  object space 175616K, 9% used [0x0000000760000000,0x0000000760f90170,0x000000076ab80000)
 Metaspace       used 68177K, capacity 70359K, committed 70488K, reserved 1112064K
  class space    used 7643K, capacity 8219K, committed 8320K, reserved 1048576K
}
Event: 8495.720 GC heap before
{Heap before GC invocations=33 (full 5):
 PSYoungGen      total 188928K, used 174486K [0x00000007a0000000, 0x00000007af700000, 0x00000007c0000000)
  eden space 140800K, 100% used [0x00000007a0000000,0x00000007a8980000,0x00000007a8980000)
  from space 48128K, 69% used [0x00000007a8980000,0x00000007aaa65a98,0x00000007ab880000)
  to   space 49664K, 0% used [0x00000007ac680000,0x00000007ac680000,0x00000007af700000)
 ParOldGen       total 175616K, used 15936K [0x0000000760000000, 0x000000076ab80000, 0x00000007a0000000)
  object space 175616K, 9% used [0x0000000760000000,0x0000000760f90170,0x000000076ab80000)
 Metaspace       used 68513K, capacity 70671K, committed 70744K, reserved 1112064K
  class space    used 7677K, capacity 8259K, committed 8320K, reserved 1048576K
Event: 8495.764 GC heap after
Heap after GC invocations=33 (full 5):
 PSYoungGen      total 170496K, used 31052K [0x00000007a0000000, 0x00000007ae780000, 0x00000007c0000000)
  eden space 136704K, 0% used [0x00000007a0000000,0x00000007a0000000,0x00000007a8580000)
  from space 33792K, 91% used [0x00000007ac680000,0x00000007ae4d3160,0x00000007ae780000)
  to   space 50176K, 0% used [0x00000007a8580000,0x00000007a8580000,0x00000007ab680000)
 ParOldGen       total 175616K, used 15944K [0x0000000760000000, 0x000000076ab80000, 0x00000007a0000000)
  object space 175616K, 9% used [0x0000000760000000,0x0000000760f92170,0x000000076ab80000)
 Metaspace       used 68513K, capacity 70671K, committed 70744K, reserved 1112064K
  class space    used 7677K, capacity 8259K, committed 8320K, reserved 1048576K
}
Event: 8564.517 GC heap before
{Heap before GC invocations=34 (full 5):
 PSYoungGen      total 170496K, used 167756K [0x00000007a0000000, 0x00000007ae780000, 0x00000007c0000000)
  eden space 136704K, 100% used [0x00000007a0000000,0x00000007a8580000,0x00000007a8580000)
  from space 33792K, 91% used [0x00000007ac680000,0x00000007ae4d3160,0x00000007ae780000)
  to   space 50176K, 0% used [0x00000007a8580000,0x00000007a8580000,0x00000007ab680000)
 ParOldGen       total 175616K, used 15944K [0x0000000760000000, 0x000000076ab80000, 0x00000007a0000000)
  object space 175616K, 9% used [0x0000000760000000,0x0000000760f92170,0x000000076ab80000)
 Metaspace       used 68931K, capacity 71143K, committed 71384K, reserved 1112064K
  class space    used 7721K, capacity 8331K, committed 8448K, reserved 1048576K
Event: 8564.536 GC heap after
Heap after GC invocations=34 (full 5):
 PSYoungGen      total 152064K, used 18496K [0x00000007a0000000, 0x00000007ae000000, 0x00000007c0000000)
  eden space 133120K, 0% used [0x00000007a0000000,0x00000007a0000000,0x00000007a8200000)
  from space 18944K, 97% used [0x00000007a8580000,0x00000007a9790150,0x00000007a9800000)
  to   space 48128K, 0% used [0x00000007ab100000,0x00000007ab100000,0x00000007ae000000)
 ParOldGen       total 175616K, used 15952K [0x0000000760000000, 0x000000076ab80000, 0x00000007a0000000)
  object space 175616K, 9% used [0x0000000760000000,0x0000000760f94170,0x000000076ab80000)
 Metaspace       used 68931K, capacity 71143K, committed 71384K, reserved 1112064K
  class space    used 7721K, capacity 8331K, committed 8448K, reserved 1048576K
}
Event: 8566.185 GC heap before
{Heap before GC invocations=35 (full 5):
 PSYoungGen      total 152064K, used 151616K [0x00000007a0000000, 0x00000007ae000000, 0x00000007c0000000)
  eden space 133120K, 100% used [0x00000007a0000000,0x00000007a8200000,0x00000007a8200000)
  from space 18944K, 97% used [0x00000007a8580000,0x00000007a9790150,0x00000007a9800000)
  to   space 48128K, 0% used [0x00000007ab100000,0x00000007ab100000,0x00000007ae000000)
 ParOldGen       total 175616K, used 15952K [0x0000000760000000, 0x000000076ab80000, 0x00000007a0000000)
  object space 175616K, 9% used [0x0000000760000000,0x0000000760f94170,0x000000076ab80000)
 Metaspace       used 69081K, capacity 71309K, committed 71640K, reserved 1112064K
  class space    used 7735K, capacity 8364K, committed 8448K, reserved 1048576K
Event: 8566.242 GC heap after
Heap after GC invocations=35 (full 5):
 PSYoungGen      total 178688K, used 36249K [0x00000007a0000000, 0x00000007af280000, 0x00000007c0000000)
  eden space 130560K, 0% used [0x00000007a0000000,0x00000007a0000000,0x00000007a7f80000)
  from space 48128K, 75% used [0x00000007ab100000,0x00000007ad4666b0,0x00000007ae000000)
  to   space 50688K, 0% used [0x00000007a7f80000,0x00000007a7f80000,0x00000007ab100000)
 ParOldGen       total 175616K, used 15960K [0x0000000760000000, 0x000000076ab80000, 0x00000007a0000000)
  object space 175616K, 9% used [0x0000000760000000,0x0000000760f96170,0x000000076ab80000)
 Metaspace       used 69081K, capacity 71309K, committed 71640K, reserved 1112064K
  class space    used 7735K, capacity 8364K, committed 8448K, reserved 1048576K
}
Event: 8635.198 GC heap before
{Heap before GC invocations=36 (full 5):
 PSYoungGen      total 178688K, used 166809K [0x00000007a0000000, 0x00000007af280000, 0x00000007c0000000)
  eden space 130560K, 100% used [0x00000007a0000000,0x00000007a7f80000,0x00000007a7f80000)
  from space 48128K, 75% used [0x00000007ab100000,0x00000007ad4666b0,0x00000007ae000000)
  to   space 50688K, 0% used [0x00000007a7f80000,0x00000007a7f80000,0x00000007ab100000)
 ParOldGen       total 175616K, used 15960K [0x0000000760000000, 0x000000076ab80000, 0x00000007a0000000)
  object space 175616K, 9% used [0x0000000760000000,0x0000000760f96170,0x000000076ab80000)
 Metaspace       used 69390K, capacity 71749K, committed 71896K, reserved 1112064K
  class space    used 7768K, capacity 8404K, committed 8448K, reserved 1048576K
Event: 8635.247 GC heap after
Heap after GC invocations=36 (full 5):
 PSYoungGen      total 181248K, used 31092K [0x00000007a0000000, 0x00000007aec80000, 0x00000007c0000000)
  eden space 130560K, 0% used [0x00000007a0000000,0x00000007a0000000,0x00000007a7f80000)
  from space 50688K, 61% used [0x00000007a7f80000,0x00000007a9ddd338,0x00000007ab100000)
  to   space 50176K, 0% used [0x00000007abb80000,0x00000007abb80000,0x00000007aec80000)
 ParOldGen       total 175616K, used 15968K [0x0000000760000000, 0x000000076ab80000, 0x00000007a0000000)
  object space 175616K, 9% used [0x0000000760000000,0x0000000760f98170,0x000000076ab80000)
 Metaspace       used 69390K, capacity 71749K, committed 71896K, reserved 1112064K
  class space    used 7768K, capacity 8404K, committed 8448K, reserved 1048576K
}

